<?xml version="1.0" encoding="UTF-8"?>
<!-- Generated by org.testng.reporters.JUnitReportReporter -->
<testsuite hostname="PINENOIL15109" failures="0" tests="1" name="com.crm.order.executiontest.CreateOrder" time="5.387" errors="0" timestamp="2021-07-13T17:08:24 IST" skipped="0">
  <testcase classname="com.crm.order.executiontest.CreateOrder" name="test1" time="5.387"/>
  <system-out/>
</testsuite> <!-- com.crm.order.executiontest.CreateOrder -->
